STEMMLab — Jest Coverage Summary
Generated by: npm run test:coverage
Branch: testing
Tasks completed at capture time: 1–12 (Phase A + Phase B complete)

Test Suites: 17 passed, 17 total
Tests:       108 passed, 108 total
Snapshots:   0 total

----------------------------------|---------|----------|---------|---------|--------------------------------
File                              | % Stmts | % Branch | % Funcs | % Lines | Uncovered Line #s
----------------------------------|---------|----------|---------|---------|--------------------------------
All files                         |   23.89 |    16.15 |   20.49 |   24.57 |
 components                       |   52.85 |     42.1 |   38.09 |   53.03 |
  MemberInputList.tsx             |    4.54 |        0 |       0 |       5 | 12-85
  PerformanceChart.tsx            |   81.81 |    58.33 |    62.5 |   80.64 | 51-61
  QuickAccessCard.tsx             |     100 |       50 |     100 |     100 | 32
  RecentActivityCard.tsx          |   45.45 |       50 |     100 |   45.45 | 45-53
 context                          |      40 |     23.8 |   33.92 |   42.35 |
  LanguageContext.tsx             |      84 |       50 |    87.5 |    91.3 | 40-41
  LocationContext.tsx             |    2.12 |        0 |       0 |    2.12 | 28-114
  NotificationContext.tsx         |    2.56 |        0 |       0 |    3.12 | 34-120
  TeamContext.tsx                 |   74.07 |     37.5 |   71.42 |   78.26 | 36,47-48,52-53
  ThemeContext.tsx                |   65.95 |    41.66 |   46.66 |   68.88 | 61,66-67,73-76,82-83,89-92,100
 data                             |     100 |      100 |     100 |     100 |
  activities.ts                   |     100 |      100 |     100 |     100 |
 i18n                             |   76.92 |    27.27 |      50 |   76.92 |
  translations.ts                 |   76.92 |    27.27 |      50 |   76.92 | 11,1945-1946
 navigation                       |   17.85 |        0 |       0 |   17.85 |
  ActivityStack.tsx               |   33.33 |      100 |       0 |   33.33 | 22-23
  MainTabs.tsx                    |    12.5 |        0 |       0 |    12.5 | 22-36
  RootNavigator.tsx               |   17.64 |        0 |       0 |   17.64 | 28-59
 screens/activity                 |    5.22 |        0 |       0 |    5.75 |
  ActivityDetailScreen.tsx        |       4 |        0 |       0 |    4.49 | 35-441
  ActivityListScreen.tsx          |    6.89 |        0 |       0 |    7.69 | 20-81
  ActivityResultScreen.tsx        |    8.33 |        0 |       0 |    8.33 | 16-37
  ActivityRunScreen.tsx           |    8.33 |        0 |       0 |    8.33 | 16-37
 screens/activity/earthquake      |    2.59 |        0 |       0 |    2.81 |
  EarthquakeResultScreen.tsx      |    2.77 |        0 |       0 |    3.22 | 22-142
  EarthquakeRunScreen.tsx         |    2.54 |        0 |       0 |     2.7 | 37-362
 screens/activity/handfan         |    3.22 |        0 |       0 |    3.41 |
  HandFanResultScreen.tsx         |    2.27 |        0 |       0 |    2.38 | 25-223
  HandFanRunScreen.tsx            |    3.75 |        0 |       0 |       4 | 58-385
 screens/activity/parachute       |    2.77 |        0 |       0 |    2.91 |
  ParachuteResultScreen.tsx       |    2.12 |        0 |       0 |    2.27 | 24-236
  ParachuteRunScreen.tsx          |    3.09 |        0 |       0 |    3.22 | 56-462
 screens/activity/reaction        |     3.7 |        0 |       0 |    4.04 |
  ReactionResultScreen.tsx        |    3.12 |        0 |       0 |    3.44 | 18-113
  ReactionRunScreen.tsx           |    3.94 |        0 |       0 |    4.28 | 29-263
 screens/activity/sound           |    1.73 |        0 |       0 |    1.88 |
  SoundResultScreen.tsx           |    3.12 |        0 |       0 |    3.44 | 18-105
  SoundRunScreen.tsx              |     1.2 |        0 |       0 |    1.29 | 33-262
 screens/auth                     |   78.78 |    68.96 |      75 |   78.78 |
  AuthScreen.tsx                  |   78.78 |    68.96 |      75 |   78.78 | 46-47,55,107-120
 screens/common                   |    1.49 |        0 |       0 |    1.53 |
  ActivityResultExampleScreen.tsx |       0 |        0 |       0 |       0 | 42-233
  ResultSummaryScreen.tsx         |    2.77 |        0 |       0 |    2.94 | 27-219
 screens/history                  |   87.87 |    62.16 |   81.81 |    93.1 |
  HistoryScreen.tsx               |   87.87 |    62.16 |   81.81 |    93.1 | 46,96
 screens/home                     |    82.6 |    83.33 |      50 |     100 |
  HomeScreen.tsx                  |    82.6 |    83.33 |      50 |     100 | 34
 screens/leaderboard              |    2.56 |        0 |       0 |    2.94 |
  LeaderboardScreen.tsx           |    2.56 |        0 |       0 |    2.94 | 32-267
 screens/onboarding               |     5.4 |        0 |       0 |    5.71 |
  TeamSetupScreen.tsx             |    3.22 |        0 |       0 |    3.44 | 20-157
  WelcomeScreen.tsx               |   16.66 |        0 |       0 |   16.66 | 12-35
 screens/settings                 |    0.76 |        0 |       0 |    0.78 |
  SettingsScreen.tsx              |    0.76 |        0 |       0 |    0.78 | 48-901
 services                         |   62.61 |    59.82 |    57.5 |   63.03 |
  authService.ts                  |      90 |      100 |   71.42 |      90 | 38,45
  backgroundTaskService.ts        |   46.55 |    61.53 |      50 |   46.55 | 22-40,64,71-104,147-148
  batteryService.ts               |     100 |      100 |     100 |     100 |
  firebase.ts                     |       0 |        0 |       0 |       0 | 11-49
  firestoreService.ts             |   76.92 |    35.71 |   83.33 |   79.16 | 47-51
  gpsService.ts                   |   81.08 |    68.18 |     100 |   81.08 | 15-16,25-26,43,68-69
  notificationService.ts          |    42.1 |       25 |   23.07 |    42.1 | 11,63-159,190-248
 storage                          |   20.64 |     8.33 |   21.87 |   20.42 |
  attempts.ts                     |      10 |        0 |       0 |   11.11 | 97-110
  preferences.ts                  |   46.15 |    16.66 |      50 |   41.66 | 19-36
  results.ts                      |   78.94 |       75 |     100 |   77.77 | 24-25,33-34
  sqliteDb.ts                     |       0 |        0 |       0 |       0 | 3-76
  sqliteResults.ts                |       0 |        0 |       0 |       0 | 22-142
  sqliteTeams.ts                  |       0 |        0 |       0 |       0 | 4-102
  team.ts                         |    62.5 |      100 |     100 |      60 | 10-11,21-22,30-31
 theme                            |     100 |      100 |     100 |     100 |
  tokens.ts                       |     100 |      100 |     100 |     100 |
 types                            |       0 |        0 |       0 |       0 |
  Activity.ts                     |       0 |        0 |       0 |       0 |
  Result.ts                       |       0 |        0 |       0 |       0 |
  Team.ts                         |       0 |        0 |       0 |       0 |
 utils                            |    54.7 |    46.66 |   63.88 |    54.2 |
  activityLabels.ts               |    62.5 |    43.75 |      60 |   66.66 | 20-21,36-43
  activityResultHelper.ts         |       0 |        0 |       0 |       0 | 22-138
  handFanPhysics.ts               |     100 |      100 |     100 |     100 |
  parachutePhysics.ts             |   86.36 |       75 |     100 |   85.71 | 73,94-95
  resultUtils.ts                  |   80.76 |       75 |     100 |   85.71 | 26-28
----------------------------------|---------|----------|---------|---------|--------------------------------

Key coverage highlights (informational only; no threshold is enforced):
- 100% coverage: src/utils/handFanPhysics.ts, src/services/batteryService.ts,
  src/data/activities.ts, src/theme/tokens.ts
- High coverage: src/screens/history/HistoryScreen.tsx (87.87%),
  src/screens/home/HomeScreen.tsx (82.6%), src/screens/auth/AuthScreen.tsx (78.78%),
  src/utils/parachutePhysics.ts (86.36%), src/utils/resultUtils.ts (80.76%),
  src/services/gpsService.ts (81.08%), src/services/authService.ts (90%)
- Intentionally low (manual E2E only per testing-plan.md §3, §8):
  *RunScreen.tsx, SettingsScreen.tsx, LeaderboardScreen.tsx, TeamSetupScreen.tsx,
  sqliteDb.ts, sqliteResults.ts, sqliteTeams.ts, RootNavigator.tsx, MainTabs.tsx,
  LocationContext.tsx, NotificationContext.tsx
- Overall ~24% statements project-wide is expected per the plan — coverage is
  evidence, not a gate, and native/UI/sensor code is out of automation scope
  by design.
